Flow report for tubes
Mon Sep 26 18:29:38 2016
Quartus II 32-bit Version 13.0.0 Build 156 04/24/2013 SJ Web Edition


---------------------
; Table of Contents ;
---------------------
  1. Legal Notice
  2. Flow Summary
  3. Flow Settings
  4. Flow Non-Default Global Settings
  5. Flow Elapsed Time
  6. Flow OS Summary
  7. Flow Log
  8. Flow Messages
  9. Flow Suppressed Messages



----------------
; Legal Notice ;
----------------
Copyright (C) 1991-2013 Altera Corporation
Your use of Altera Corporation's design tools, logic functions 
and other software and tools, and its AMPP partner logic 
functions, and any output files from any of the foregoing 
(including device programming or simulation files), and any 
associated documentation or information are expressly subject 
to the terms and conditions of the Altera Program License 
Subscription Agreement, Altera MegaCore Function License 
Agreement, or other applicable license agreement, including, 
without limitation, that your use is for the sole purpose of 
programming logic devices manufactured by Altera and sold by 
Altera or its authorized distributors.  Please refer to the 
applicable agreement for further details.



+---------------------------------------------------------------------------------+
; Flow Summary                                                                    ;
+------------------------------------+--------------------------------------------+
; Flow Status                        ; Successful - Mon Sep 26 18:29:26 2016      ;
; Quartus II 32-bit Version          ; 13.0.0 Build 156 04/24/2013 SJ Web Edition ;
; Revision Name                      ; tubes                                      ;
; Top-level Entity Name              ; Block1                                     ;
; Family                             ; Cyclone II                                 ;
; Device                             ; EP2C35F672C6                               ;
; Timing Models                      ; Final                                      ;
; Total logic elements               ; 1,133 / 33,216 ( 3 % )                     ;
;     Total combinational functions  ; 1,128 / 33,216 ( 3 % )                     ;
;     Dedicated logic registers      ; 48 / 33,216 ( < 1 % )                      ;
; Total registers                    ; 48                                         ;
; Total pins                         ; 25 / 475 ( 5 % )                           ;
; Total virtual pins                 ; 0                                          ;
; Total memory bits                  ; 4,096 / 483,840 ( < 1 % )                  ;
; Embedded Multiplier 9-bit elements ; 0 / 70 ( 0 % )                             ;
; Total PLLs                         ; 1 / 4 ( 25 % )                             ;
+------------------------------------+--------------------------------------------+


+-----------------------------------------+
; Flow Settings                           ;
+-------------------+---------------------+
; Option            ; Setting             ;
+-------------------+---------------------+
; Start date & time ; 09/26/2016 18:28:06 ;
; Main task         ; Compilation         ;
; Revision Name     ; tubes               ;
+-------------------+---------------------+


+-----------------------------------------------------------------------------------------------------------------+
; Flow Non-Default Global Settings                                                                                ;
+-------------------------------------+--------------------------------+---------------+-------------+------------+
; Assignment Name                     ; Value                          ; Default Value ; Entity Name ; Section Id ;
+-------------------------------------+--------------------------------+---------------+-------------+------------+
; COMPILER_SIGNATURE_ID               ; 18005769164816.147490368505196 ; --            ; --          ; --         ;
; PARTITION_COLOR                     ; 2147039                        ; --            ; Block1      ; Top        ;
; PARTITION_FITTER_PRESERVATION_LEVEL ; PLACEMENT_AND_ROUTING          ; --            ; Block1      ; Top        ;
; PARTITION_NETLIST_TYPE              ; SOURCE                         ; --            ; Block1      ; Top        ;
; TOP_LEVEL_ENTITY                    ; Block1                         ; tubes         ; --          ; --         ;
; USE_GENERATED_PHYSICAL_CONSTRAINTS  ; Off                            ; --            ; --          ; eda_palace ;
+-------------------------------------+--------------------------------+---------------+-------------+------------+


+-------------------------------------------------------------------------------------------------------------------------------+
; Flow Elapsed Time                                                                                                             ;
+---------------------------+--------------+-------------------------+---------------------+------------------------------------+
; Module Name               ; Elapsed Time ; Average Processors Used ; Peak Virtual Memory ; Total CPU Time (on all processors) ;
+---------------------------+--------------+-------------------------+---------------------+------------------------------------+
; Analysis & Synthesis      ; 00:00:42     ; 1.0                     ; 522 MB              ; 00:00:24                           ;
; Fitter                    ; 00:00:22     ; 1.1                     ; 522 MB              ; 00:00:21                           ;
; Assembler                 ; 00:00:08     ; 1.0                     ; 354 MB              ; 00:00:04                           ;
; TimeQuest Timing Analyzer ; 00:00:09     ; 1.0                     ; 326 MB              ; 00:00:04                           ;
; Total                     ; 00:01:21     ; --                      ; --                  ; 00:00:53                           ;
+---------------------------+--------------+-------------------------+---------------------+------------------------------------+


+----------------------------------------------------------------------------------------+
; Flow OS Summary                                                                        ;
+---------------------------+------------------+-----------+------------+----------------+
; Module Name               ; Machine Hostname ; OS Name   ; OS Version ; Processor type ;
+---------------------------+------------------+-----------+------------+----------------+
; Analysis & Synthesis      ; 7102-03          ; Windows 7 ; 6.1        ; i686           ;
; Fitter                    ; 7102-03          ; Windows 7 ; 6.1        ; i686           ;
; Assembler                 ; 7102-03          ; Windows 7 ; 6.1        ; i686           ;
; TimeQuest Timing Analyzer ; 7102-03          ; Windows 7 ; 6.1        ; i686           ;
+---------------------------+------------------+-----------+------------+----------------+


------------
; Flow Log ;
------------
quartus_map --read_settings_files=on --write_settings_files=off tubes -c tubes
quartus_fit --read_settings_files=off --write_settings_files=off tubes -c tubes
quartus_asm --read_settings_files=off --write_settings_files=off tubes -c tubes
quartus_sta tubes -c tubes



